<?xml version="1.0" encoding="UTF-8"?>
<testsuite xmlns:xsi="http://www.w3.org/2001/XMLSchema-instance" xsi:noNamespaceSchemaLocation="https://maven.apache.org/surefire/maven-surefire-plugin/xsd/surefire-test-report.xsd" version="3.0.2" name="com.zzs.WebManagementApplicationTests" time="3.151" tests="1" errors="0" skipped="0" failures="0">
  <properties>
    <property name="java.specification.version" value="17"/>
    <property name="sun.cpu.isalist" value="amd64"/>
    <property name="sun.jnu.encoding" value="GBK"/>
    <property name="java.class.path" value="D:\javalearn\javaweb\后端\webproject\my-project\web-management\target\test-classes;D:\javalearn\javaweb\后端\webproject\my-project\web-management\target\classes;D:\maven\apache-maven-3.9.6-bin\apache-maven-3.9.6\mvn_repo\org\springframework\boot\spring-boot-starter-web\3.4.1\spring-boot-starter-web-3.4.1.jar;D:\maven\apache-maven-3.9.6-bin\apache-maven-3.9.6\mvn_repo\org\springframework\boot\spring-boot-starter\3.4.1\spring-boot-starter-3.4.1.jar;D:\maven\apache-maven-3.9.6-bin\apache-maven-3.9.6\mvn_repo\org\springframework\boot\spring-boot\3.4.1\spring-boot-3.4.1.jar;D:\maven\apache-maven-3.9.6-bin\apache-maven-3.9.6\mvn_repo\org\springframework\boot\spring-boot-autoconfigure\3.4.1\spring-boot-autoconfigure-3.4.1.jar;D:\maven\apache-maven-3.9.6-bin\apache-maven-3.9.6\mvn_repo\org\springframework\boot\spring-boot-starter-logging\3.4.1\spring-boot-starter-logging-3.4.1.jar;D:\maven\apache-maven-3.9.6-bin\apache-maven-3.9.6\mvn_repo\ch\qos\logback\logback-classic\1.5.12\logback-classic-1.5.12.jar;D:\maven\apache-maven-3.9.6-bin\apache-maven-3.9.6\mvn_repo\ch\qos\logback\logback-core\1.5.12\logback-core-1.5.12.jar;D:\maven\apache-maven-3.9.6-bin\apache-maven-3.9.6\mvn_repo\org\apache\logging\log4j\log4j-to-slf4j\2.24.3\log4j-to-slf4j-2.24.3.jar;D:\maven\apache-maven-3.9.6-bin\apache-maven-3.9.6\mvn_repo\org\apache\logging\log4j\log4j-api\2.24.3\log4j-api-2.24.3.jar;D:\maven\apache-maven-3.9.6-bin\apache-maven-3.9.6\mvn_repo\org\slf4j\jul-to-slf4j\2.0.16\jul-to-slf4j-2.0.16.jar;D:\maven\apache-maven-3.9.6-bin\apache-maven-3.9.6\mvn_repo\jakarta\annotation\jakarta.annotation-api\2.1.1\jakarta.annotation-api-2.1.1.jar;D:\maven\apache-maven-3.9.6-bin\apache-maven-3.9.6\mvn_repo\org\yaml\snakeyaml\2.3\snakeyaml-2.3.jar;D:\maven\apache-maven-3.9.6-bin\apache-maven-3.9.6\mvn_repo\org\springframework\boot\spring-boot-starter-json\3.4.1\spring-boot-starter-json-3.4.1.jar;D:\maven\apache-maven-3.9.6-bin\apache-maven-3.9.6\mvn_repo\com\fasterxml\jackson\core\jackson-databind\2.18.2\jackson-databind-2.18.2.jar;D:\maven\apache-maven-3.9.6-bin\apache-maven-3.9.6\mvn_repo\com\fasterxml\jackson\core\jackson-annotations\2.18.2\jackson-annotations-2.18.2.jar;D:\maven\apache-maven-3.9.6-bin\apache-maven-3.9.6\mvn_repo\com\fasterxml\jackson\core\jackson-core\2.18.2\jackson-core-2.18.2.jar;D:\maven\apache-maven-3.9.6-bin\apache-maven-3.9.6\mvn_repo\com\fasterxml\jackson\datatype\jackson-datatype-jdk8\2.18.2\jackson-datatype-jdk8-2.18.2.jar;D:\maven\apache-maven-3.9.6-bin\apache-maven-3.9.6\mvn_repo\com\fasterxml\jackson\datatype\jackson-datatype-jsr310\2.18.2\jackson-datatype-jsr310-2.18.2.jar;D:\maven\apache-maven-3.9.6-bin\apache-maven-3.9.6\mvn_repo\com\fasterxml\jackson\module\jackson-module-parameter-names\2.18.2\jackson-module-parameter-names-2.18.2.jar;D:\maven\apache-maven-3.9.6-bin\apache-maven-3.9.6\mvn_repo\org\springframework\boot\spring-boot-starter-tomcat\3.4.1\spring-boot-starter-tomcat-3.4.1.jar;D:\maven\apache-maven-3.9.6-bin\apache-maven-3.9.6\mvn_repo\org\apache\tomcat\embed\tomcat-embed-core\10.1.34\tomcat-embed-core-10.1.34.jar;D:\maven\apache-maven-3.9.6-bin\apache-maven-3.9.6\mvn_repo\org\apache\tomcat\embed\tomcat-embed-el\10.1.34\tomcat-embed-el-10.1.34.jar;D:\maven\apache-maven-3.9.6-bin\apache-maven-3.9.6\mvn_repo\org\apache\tomcat\embed\tomcat-embed-websocket\10.1.34\tomcat-embed-websocket-10.1.34.jar;D:\maven\apache-maven-3.9.6-bin\apache-maven-3.9.6\mvn_repo\org\springframework\spring-web\6.2.1\spring-web-6.2.1.jar;D:\maven\apache-maven-3.9.6-bin\apache-maven-3.9.6\mvn_repo\org\springframework\spring-beans\6.2.1\spring-beans-6.2.1.jar;D:\maven\apache-maven-3.9.6-bin\apache-maven-3.9.6\mvn_repo\io\micrometer\micrometer-observation\1.14.2\micrometer-observation-1.14.2.jar;D:\maven\apache-maven-3.9.6-bin\apache-maven-3.9.6\mvn_repo\io\micrometer\micrometer-commons\1.14.2\micrometer-commons-1.14.2.jar;D:\maven\apache-maven-3.9.6-bin\apache-maven-3.9.6\mvn_repo\org\springframework\spring-webmvc\6.2.1\spring-webmvc-6.2.1.jar;D:\maven\apache-maven-3.9.6-bin\apache-maven-3.9.6\mvn_repo\org\springframework\spring-aop\6.2.1\spring-aop-6.2.1.jar;D:\maven\apache-maven-3.9.6-bin\apache-maven-3.9.6\mvn_repo\org\springframework\spring-context\6.2.1\spring-context-6.2.1.jar;D:\maven\apache-maven-3.9.6-bin\apache-maven-3.9.6\mvn_repo\org\springframework\spring-expression\6.2.1\spring-expression-6.2.1.jar;D:\maven\apache-maven-3.9.6-bin\apache-maven-3.9.6\mvn_repo\org\mybatis\spring\boot\mybatis-spring-boot-starter\3.0.3\mybatis-spring-boot-starter-3.0.3.jar;D:\maven\apache-maven-3.9.6-bin\apache-maven-3.9.6\mvn_repo\org\springframework\boot\spring-boot-starter-jdbc\3.4.1\spring-boot-starter-jdbc-3.4.1.jar;D:\maven\apache-maven-3.9.6-bin\apache-maven-3.9.6\mvn_repo\com\zaxxer\HikariCP\5.1.0\HikariCP-5.1.0.jar;D:\maven\apache-maven-3.9.6-bin\apache-maven-3.9.6\mvn_repo\org\springframework\spring-jdbc\6.2.1\spring-jdbc-6.2.1.jar;D:\maven\apache-maven-3.9.6-bin\apache-maven-3.9.6\mvn_repo\org\mybatis\spring\boot\mybatis-spring-boot-autoconfigure\3.0.3\mybatis-spring-boot-autoconfigure-3.0.3.jar;D:\maven\apache-maven-3.9.6-bin\apache-maven-3.9.6\mvn_repo\org\mybatis\mybatis\3.5.14\mybatis-3.5.14.jar;D:\maven\apache-maven-3.9.6-bin\apache-maven-3.9.6\mvn_repo\org\mybatis\mybatis-spring\3.0.3\mybatis-spring-3.0.3.jar;D:\maven\apache-maven-3.9.6-bin\apache-maven-3.9.6\mvn_repo\com\mysql\mysql-connector-j\9.1.0\mysql-connector-j-9.1.0.jar;D:\maven\apache-maven-3.9.6-bin\apache-maven-3.9.6\mvn_repo\org\projectlombok\lombok\1.18.36\lombok-1.18.36.jar;D:\maven\apache-maven-3.9.6-bin\apache-maven-3.9.6\mvn_repo\org\springframework\boot\spring-boot-starter-test\3.4.1\spring-boot-starter-test-3.4.1.jar;D:\maven\apache-maven-3.9.6-bin\apache-maven-3.9.6\mvn_repo\org\springframework\boot\spring-boot-test\3.4.1\spring-boot-test-3.4.1.jar;D:\maven\apache-maven-3.9.6-bin\apache-maven-3.9.6\mvn_repo\org\springframework\boot\spring-boot-test-autoconfigure\3.4.1\spring-boot-test-autoconfigure-3.4.1.jar;D:\maven\apache-maven-3.9.6-bin\apache-maven-3.9.6\mvn_repo\com\jayway\jsonpath\json-path\2.9.0\json-path-2.9.0.jar;D:\maven\apache-maven-3.9.6-bin\apache-maven-3.9.6\mvn_repo\org\slf4j\slf4j-api\2.0.16\slf4j-api-2.0.16.jar;D:\maven\apache-maven-3.9.6-bin\apache-maven-3.9.6\mvn_repo\jakarta\xml\bind\jakarta.xml.bind-api\4.0.2\jakarta.xml.bind-api-4.0.2.jar;D:\maven\apache-maven-3.9.6-bin\apache-maven-3.9.6\mvn_repo\jakarta\activation\jakarta.activation-api\2.1.3\jakarta.activation-api-2.1.3.jar;D:\maven\apache-maven-3.9.6-bin\apache-maven-3.9.6\mvn_repo\net\minidev\json-smart\2.5.1\json-smart-2.5.1.jar;D:\maven\apache-maven-3.9.6-bin\apache-maven-3.9.6\mvn_repo\net\minidev\accessors-smart\2.5.1\accessors-smart-2.5.1.jar;D:\maven\apache-maven-3.9.6-bin\apache-maven-3.9.6\mvn_repo\org\ow2\asm\asm\9.6\asm-9.6.jar;D:\maven\apache-maven-3.9.6-bin\apache-maven-3.9.6\mvn_repo\org\assertj\assertj-core\3.26.3\assertj-core-3.26.3.jar;D:\maven\apache-maven-3.9.6-bin\apache-maven-3.9.6\mvn_repo\net\bytebuddy\byte-buddy\1.15.11\byte-buddy-1.15.11.jar;D:\maven\apache-maven-3.9.6-bin\apache-maven-3.9.6\mvn_repo\org\awaitility\awaitility\4.2.2\awaitility-4.2.2.jar;D:\maven\apache-maven-3.9.6-bin\apache-maven-3.9.6\mvn_repo\org\hamcrest\hamcrest\2.2\hamcrest-2.2.jar;D:\maven\apache-maven-3.9.6-bin\apache-maven-3.9.6\mvn_repo\org\junit\jupiter\junit-jupiter\5.11.4\junit-jupiter-5.11.4.jar;D:\maven\apache-maven-3.9.6-bin\apache-maven-3.9.6\mvn_repo\org\junit\jupiter\junit-jupiter-api\5.11.4\junit-jupiter-api-5.11.4.jar;D:\maven\apache-maven-3.9.6-bin\apache-maven-3.9.6\mvn_repo\org\opentest4j\opentest4j\1.3.0\opentest4j-1.3.0.jar;D:\maven\apache-maven-3.9.6-bin\apache-maven-3.9.6\mvn_repo\org\junit\platform\junit-platform-commons\1.11.4\junit-platform-commons-1.11.4.jar;D:\maven\apache-maven-3.9.6-bin\apache-maven-3.9.6\mvn_repo\org\apiguardian\apiguardian-api\1.1.2\apiguardian-api-1.1.2.jar;D:\maven\apache-maven-3.9.6-bin\apache-maven-3.9.6\mvn_repo\org\junit\jupiter\junit-jupiter-params\5.11.4\junit-jupiter-params-5.11.4.jar;D:\maven\apache-maven-3.9.6-bin\apache-maven-3.9.6\mvn_repo\org\junit\jupiter\junit-jupiter-engine\5.11.4\junit-jupiter-engine-5.11.4.jar;D:\maven\apache-maven-3.9.6-bin\apache-maven-3.9.6\mvn_repo\org\junit\platform\junit-platform-engine\1.11.4\junit-platform-engine-1.11.4.jar;D:\maven\apache-maven-3.9.6-bin\apache-maven-3.9.6\mvn_repo\org\mockito\mockito-core\5.14.2\mockito-core-5.14.2.jar;D:\maven\apache-maven-3.9.6-bin\apache-maven-3.9.6\mvn_repo\net\bytebuddy\byte-buddy-agent\1.15.11\byte-buddy-agent-1.15.11.jar;D:\maven\apache-maven-3.9.6-bin\apache-maven-3.9.6\mvn_repo\org\objenesis\objenesis\3.3\objenesis-3.3.jar;D:\maven\apache-maven-3.9.6-bin\apache-maven-3.9.6\mvn_repo\org\mockito\mockito-junit-jupiter\5.14.2\mockito-junit-jupiter-5.14.2.jar;D:\maven\apache-maven-3.9.6-bin\apache-maven-3.9.6\mvn_repo\org\skyscreamer\jsonassert\1.5.3\jsonassert-1.5.3.jar;D:\maven\apache-maven-3.9.6-bin\apache-maven-3.9.6\mvn_repo\com\vaadin\external\google\android-json\0.0.20131108.vaadin1\android-json-0.0.20131108.vaadin1.jar;D:\maven\apache-maven-3.9.6-bin\apache-maven-3.9.6\mvn_repo\org\springframework\spring-core\6.2.1\spring-core-6.2.1.jar;D:\maven\apache-maven-3.9.6-bin\apache-maven-3.9.6\mvn_repo\org\springframework\spring-jcl\6.2.1\spring-jcl-6.2.1.jar;D:\maven\apache-maven-3.9.6-bin\apache-maven-3.9.6\mvn_repo\org\springframework\spring-test\6.2.1\spring-test-6.2.1.jar;D:\maven\apache-maven-3.9.6-bin\apache-maven-3.9.6\mvn_repo\org\xmlunit\xmlunit-core\2.10.0\xmlunit-core-2.10.0.jar;D:\maven\apache-maven-3.9.6-bin\apache-maven-3.9.6\mvn_repo\org\mybatis\spring\boot\mybatis-spring-boot-starter-test\3.0.3\mybatis-spring-boot-starter-test-3.0.3.jar;D:\maven\apache-maven-3.9.6-bin\apache-maven-3.9.6\mvn_repo\org\mybatis\spring\boot\mybatis-spring-boot-test-autoconfigure\3.0.3\mybatis-spring-boot-test-autoconfigure-3.0.3.jar;D:\maven\apache-maven-3.9.6-bin\apache-maven-3.9.6\mvn_repo\org\springframework\spring-tx\6.2.1\spring-tx-6.2.1.jar;"/>
    <property name="java.vm.vendor" value="Oracle Corporation"/>
    <property name="sun.arch.data.model" value="64"/>
    <property name="user.variant" value=""/>
    <property name="java.vendor.url" value="https://java.oracle.com/"/>
    <property name="user.timezone" value="Asia/Shanghai"/>
    <property name="os.name" value="Windows 11"/>
    <property name="java.vm.specification.version" value="17"/>
    <property name="APPLICATION_NAME" value="web-management"/>
    <property name="sun.java.launcher" value="SUN_STANDARD"/>
    <property name="user.country" value="CN"/>
    <property name="sun.boot.library.path" value="C:\Program Files\Java\jdk-17\bin"/>
    <property name="sun.java.command" value="C:\Users\zzs\AppData\Local\Temp\surefire6490071685323453419\surefirebooter-20250107112646455_3.jar C:\Users\zzs\AppData\Local\Temp\surefire6490071685323453419 2025-01-07T11-26-46_297-jvmRun1 surefire-20250107112646455_1tmp surefire_0-20250107112646455_2tmp"/>
    <property name="jdk.debug" value="release"/>
    <property name="surefire.test.class.path" value="D:\javalearn\javaweb\后端\webproject\my-project\web-management\target\test-classes;D:\javalearn\javaweb\后端\webproject\my-project\web-management\target\classes;D:\maven\apache-maven-3.9.6-bin\apache-maven-3.9.6\mvn_repo\org\springframework\boot\spring-boot-starter-web\3.4.1\spring-boot-starter-web-3.4.1.jar;D:\maven\apache-maven-3.9.6-bin\apache-maven-3.9.6\mvn_repo\org\springframework\boot\spring-boot-starter\3.4.1\spring-boot-starter-3.4.1.jar;D:\maven\apache-maven-3.9.6-bin\apache-maven-3.9.6\mvn_repo\org\springframework\boot\spring-boot\3.4.1\spring-boot-3.4.1.jar;D:\maven\apache-maven-3.9.6-bin\apache-maven-3.9.6\mvn_repo\org\springframework\boot\spring-boot-autoconfigure\3.4.1\spring-boot-autoconfigure-3.4.1.jar;D:\maven\apache-maven-3.9.6-bin\apache-maven-3.9.6\mvn_repo\org\springframework\boot\spring-boot-starter-logging\3.4.1\spring-boot-starter-logging-3.4.1.jar;D:\maven\apache-maven-3.9.6-bin\apache-maven-3.9.6\mvn_repo\ch\qos\logback\logback-classic\1.5.12\logback-classic-1.5.12.jar;D:\maven\apache-maven-3.9.6-bin\apache-maven-3.9.6\mvn_repo\ch\qos\logback\logback-core\1.5.12\logback-core-1.5.12.jar;D:\maven\apache-maven-3.9.6-bin\apache-maven-3.9.6\mvn_repo\org\apache\logging\log4j\log4j-to-slf4j\2.24.3\log4j-to-slf4j-2.24.3.jar;D:\maven\apache-maven-3.9.6-bin\apache-maven-3.9.6\mvn_repo\org\apache\logging\log4j\log4j-api\2.24.3\log4j-api-2.24.3.jar;D:\maven\apache-maven-3.9.6-bin\apache-maven-3.9.6\mvn_repo\org\slf4j\jul-to-slf4j\2.0.16\jul-to-slf4j-2.0.16.jar;D:\maven\apache-maven-3.9.6-bin\apache-maven-3.9.6\mvn_repo\jakarta\annotation\jakarta.annotation-api\2.1.1\jakarta.annotation-api-2.1.1.jar;D:\maven\apache-maven-3.9.6-bin\apache-maven-3.9.6\mvn_repo\org\yaml\snakeyaml\2.3\snakeyaml-2.3.jar;D:\maven\apache-maven-3.9.6-bin\apache-maven-3.9.6\mvn_repo\org\springframework\boot\spring-boot-starter-json\3.4.1\spring-boot-starter-json-3.4.1.jar;D:\maven\apache-maven-3.9.6-bin\apache-maven-3.9.6\mvn_repo\com\fasterxml\jackson\core\jackson-databind\2.18.2\jackson-databind-2.18.2.jar;D:\maven\apache-maven-3.9.6-bin\apache-maven-3.9.6\mvn_repo\com\fasterxml\jackson\core\jackson-annotations\2.18.2\jackson-annotations-2.18.2.jar;D:\maven\apache-maven-3.9.6-bin\apache-maven-3.9.6\mvn_repo\com\fasterxml\jackson\core\jackson-core\2.18.2\jackson-core-2.18.2.jar;D:\maven\apache-maven-3.9.6-bin\apache-maven-3.9.6\mvn_repo\com\fasterxml\jackson\datatype\jackson-datatype-jdk8\2.18.2\jackson-datatype-jdk8-2.18.2.jar;D:\maven\apache-maven-3.9.6-bin\apache-maven-3.9.6\mvn_repo\com\fasterxml\jackson\datatype\jackson-datatype-jsr310\2.18.2\jackson-datatype-jsr310-2.18.2.jar;D:\maven\apache-maven-3.9.6-bin\apache-maven-3.9.6\mvn_repo\com\fasterxml\jackson\module\jackson-module-parameter-names\2.18.2\jackson-module-parameter-names-2.18.2.jar;D:\maven\apache-maven-3.9.6-bin\apache-maven-3.9.6\mvn_repo\org\springframework\boot\spring-boot-starter-tomcat\3.4.1\spring-boot-starter-tomcat-3.4.1.jar;D:\maven\apache-maven-3.9.6-bin\apache-maven-3.9.6\mvn_repo\org\apache\tomcat\embed\tomcat-embed-core\10.1.34\tomcat-embed-core-10.1.34.jar;D:\maven\apache-maven-3.9.6-bin\apache-maven-3.9.6\mvn_repo\org\apache\tomcat\embed\tomcat-embed-el\10.1.34\tomcat-embed-el-10.1.34.jar;D:\maven\apache-maven-3.9.6-bin\apache-maven-3.9.6\mvn_repo\org\apache\tomcat\embed\tomcat-embed-websocket\10.1.34\tomcat-embed-websocket-10.1.34.jar;D:\maven\apache-maven-3.9.6-bin\apache-maven-3.9.6\mvn_repo\org\springframework\spring-web\6.2.1\spring-web-6.2.1.jar;D:\maven\apache-maven-3.9.6-bin\apache-maven-3.9.6\mvn_repo\org\springframework\spring-beans\6.2.1\spring-beans-6.2.1.jar;D:\maven\apache-maven-3.9.6-bin\apache-maven-3.9.6\mvn_repo\io\micrometer\micrometer-observation\1.14.2\micrometer-observation-1.14.2.jar;D:\maven\apache-maven-3.9.6-bin\apache-maven-3.9.6\mvn_repo\io\micrometer\micrometer-commons\1.14.2\micrometer-commons-1.14.2.jar;D:\maven\apache-maven-3.9.6-bin\apache-maven-3.9.6\mvn_repo\org\springframework\spring-webmvc\6.2.1\spring-webmvc-6.2.1.jar;D:\maven\apache-maven-3.9.6-bin\apache-maven-3.9.6\mvn_repo\org\springframework\spring-aop\6.2.1\spring-aop-6.2.1.jar;D:\maven\apache-maven-3.9.6-bin\apache-maven-3.9.6\mvn_repo\org\springframework\spring-context\6.2.1\spring-context-6.2.1.jar;D:\maven\apache-maven-3.9.6-bin\apache-maven-3.9.6\mvn_repo\org\springframework\spring-expression\6.2.1\spring-expression-6.2.1.jar;D:\maven\apache-maven-3.9.6-bin\apache-maven-3.9.6\mvn_repo\org\mybatis\spring\boot\mybatis-spring-boot-starter\3.0.3\mybatis-spring-boot-starter-3.0.3.jar;D:\maven\apache-maven-3.9.6-bin\apache-maven-3.9.6\mvn_repo\org\springframework\boot\spring-boot-starter-jdbc\3.4.1\spring-boot-starter-jdbc-3.4.1.jar;D:\maven\apache-maven-3.9.6-bin\apache-maven-3.9.6\mvn_repo\com\zaxxer\HikariCP\5.1.0\HikariCP-5.1.0.jar;D:\maven\apache-maven-3.9.6-bin\apache-maven-3.9.6\mvn_repo\org\springframework\spring-jdbc\6.2.1\spring-jdbc-6.2.1.jar;D:\maven\apache-maven-3.9.6-bin\apache-maven-3.9.6\mvn_repo\org\mybatis\spring\boot\mybatis-spring-boot-autoconfigure\3.0.3\mybatis-spring-boot-autoconfigure-3.0.3.jar;D:\maven\apache-maven-3.9.6-bin\apache-maven-3.9.6\mvn_repo\org\mybatis\mybatis\3.5.14\mybatis-3.5.14.jar;D:\maven\apache-maven-3.9.6-bin\apache-maven-3.9.6\mvn_repo\org\mybatis\mybatis-spring\3.0.3\mybatis-spring-3.0.3.jar;D:\maven\apache-maven-3.9.6-bin\apache-maven-3.9.6\mvn_repo\com\mysql\mysql-connector-j\9.1.0\mysql-connector-j-9.1.0.jar;D:\maven\apache-maven-3.9.6-bin\apache-maven-3.9.6\mvn_repo\org\projectlombok\lombok\1.18.36\lombok-1.18.36.jar;D:\maven\apache-maven-3.9.6-bin\apache-maven-3.9.6\mvn_repo\org\springframework\boot\spring-boot-starter-test\3.4.1\spring-boot-starter-test-3.4.1.jar;D:\maven\apache-maven-3.9.6-bin\apache-maven-3.9.6\mvn_repo\org\springframework\boot\spring-boot-test\3.4.1\spring-boot-test-3.4.1.jar;D:\maven\apache-maven-3.9.6-bin\apache-maven-3.9.6\mvn_repo\org\springframework\boot\spring-boot-test-autoconfigure\3.4.1\spring-boot-test-autoconfigure-3.4.1.jar;D:\maven\apache-maven-3.9.6-bin\apache-maven-3.9.6\mvn_repo\com\jayway\jsonpath\json-path\2.9.0\json-path-2.9.0.jar;D:\maven\apache-maven-3.9.6-bin\apache-maven-3.9.6\mvn_repo\org\slf4j\slf4j-api\2.0.16\slf4j-api-2.0.16.jar;D:\maven\apache-maven-3.9.6-bin\apache-maven-3.9.6\mvn_repo\jakarta\xml\bind\jakarta.xml.bind-api\4.0.2\jakarta.xml.bind-api-4.0.2.jar;D:\maven\apache-maven-3.9.6-bin\apache-maven-3.9.6\mvn_repo\jakarta\activation\jakarta.activation-api\2.1.3\jakarta.activation-api-2.1.3.jar;D:\maven\apache-maven-3.9.6-bin\apache-maven-3.9.6\mvn_repo\net\minidev\json-smart\2.5.1\json-smart-2.5.1.jar;D:\maven\apache-maven-3.9.6-bin\apache-maven-3.9.6\mvn_repo\net\minidev\accessors-smart\2.5.1\accessors-smart-2.5.1.jar;D:\maven\apache-maven-3.9.6-bin\apache-maven-3.9.6\mvn_repo\org\ow2\asm\asm\9.6\asm-9.6.jar;D:\maven\apache-maven-3.9.6-bin\apache-maven-3.9.6\mvn_repo\org\assertj\assertj-core\3.26.3\assertj-core-3.26.3.jar;D:\maven\apache-maven-3.9.6-bin\apache-maven-3.9.6\mvn_repo\net\bytebuddy\byte-buddy\1.15.11\byte-buddy-1.15.11.jar;D:\maven\apache-maven-3.9.6-bin\apache-maven-3.9.6\mvn_repo\org\awaitility\awaitility\4.2.2\awaitility-4.2.2.jar;D:\maven\apache-maven-3.9.6-bin\apache-maven-3.9.6\mvn_repo\org\hamcrest\hamcrest\2.2\hamcrest-2.2.jar;D:\maven\apache-maven-3.9.6-bin\apache-maven-3.9.6\mvn_repo\org\junit\jupiter\junit-jupiter\5.11.4\junit-jupiter-5.11.4.jar;D:\maven\apache-maven-3.9.6-bin\apache-maven-3.9.6\mvn_repo\org\junit\jupiter\junit-jupiter-api\5.11.4\junit-jupiter-api-5.11.4.jar;D:\maven\apache-maven-3.9.6-bin\apache-maven-3.9.6\mvn_repo\org\opentest4j\opentest4j\1.3.0\opentest4j-1.3.0.jar;D:\maven\apache-maven-3.9.6-bin\apache-maven-3.9.6\mvn_repo\org\junit\platform\junit-platform-commons\1.11.4\junit-platform-commons-1.11.4.jar;D:\maven\apache-maven-3.9.6-bin\apache-maven-3.9.6\mvn_repo\org\apiguardian\apiguardian-api\1.1.2\apiguardian-api-1.1.2.jar;D:\maven\apache-maven-3.9.6-bin\apache-maven-3.9.6\mvn_repo\org\junit\jupiter\junit-jupiter-params\5.11.4\junit-jupiter-params-5.11.4.jar;D:\maven\apache-maven-3.9.6-bin\apache-maven-3.9.6\mvn_repo\org\junit\jupiter\junit-jupiter-engine\5.11.4\junit-jupiter-engine-5.11.4.jar;D:\maven\apache-maven-3.9.6-bin\apache-maven-3.9.6\mvn_repo\org\junit\platform\junit-platform-engine\1.11.4\junit-platform-engine-1.11.4.jar;D:\maven\apache-maven-3.9.6-bin\apache-maven-3.9.6\mvn_repo\org\mockito\mockito-core\5.14.2\mockito-core-5.14.2.jar;D:\maven\apache-maven-3.9.6-bin\apache-maven-3.9.6\mvn_repo\net\bytebuddy\byte-buddy-agent\1.15.11\byte-buddy-agent-1.15.11.jar;D:\maven\apache-maven-3.9.6-bin\apache-maven-3.9.6\mvn_repo\org\objenesis\objenesis\3.3\objenesis-3.3.jar;D:\maven\apache-maven-3.9.6-bin\apache-maven-3.9.6\mvn_repo\org\mockito\mockito-junit-jupiter\5.14.2\mockito-junit-jupiter-5.14.2.jar;D:\maven\apache-maven-3.9.6-bin\apache-maven-3.9.6\mvn_repo\org\skyscreamer\jsonassert\1.5.3\jsonassert-1.5.3.jar;D:\maven\apache-maven-3.9.6-bin\apache-maven-3.9.6\mvn_repo\com\vaadin\external\google\android-json\0.0.20131108.vaadin1\android-json-0.0.20131108.vaadin1.jar;D:\maven\apache-maven-3.9.6-bin\apache-maven-3.9.6\mvn_repo\org\springframework\spring-core\6.2.1\spring-core-6.2.1.jar;D:\maven\apache-maven-3.9.6-bin\apache-maven-3.9.6\mvn_repo\org\springframework\spring-jcl\6.2.1\spring-jcl-6.2.1.jar;D:\maven\apache-maven-3.9.6-bin\apache-maven-3.9.6\mvn_repo\org\springframework\spring-test\6.2.1\spring-test-6.2.1.jar;D:\maven\apache-maven-3.9.6-bin\apache-maven-3.9.6\mvn_repo\org\xmlunit\xmlunit-core\2.10.0\xmlunit-core-2.10.0.jar;D:\maven\apache-maven-3.9.6-bin\apache-maven-3.9.6\mvn_repo\org\mybatis\spring\boot\mybatis-spring-boot-starter-test\3.0.3\mybatis-spring-boot-starter-test-3.0.3.jar;D:\maven\apache-maven-3.9.6-bin\apache-maven-3.9.6\mvn_repo\org\mybatis\spring\boot\mybatis-spring-boot-test-autoconfigure\3.0.3\mybatis-spring-boot-test-autoconfigure-3.0.3.jar;D:\maven\apache-maven-3.9.6-bin\apache-maven-3.9.6\mvn_repo\org\springframework\spring-tx\6.2.1\spring-tx-6.2.1.jar;"/>
    <property name="sun.cpu.endian" value="little"/>
    <property name="user.home" value="C:\Users\zzs"/>
    <property name="user.language" value="zh"/>
    <property name="java.specification.vendor" value="Oracle Corporation"/>
    <property name="java.version.date" value="2024-10-15"/>
    <property name="java.home" value="C:\Program Files\Java\jdk-17"/>
    <property name="file.separator" value="\"/>
    <property name="basedir" value="D:\javalearn\javaweb\后端\webproject\my-project\web-management"/>
    <property name="java.vm.compressedOopsMode" value="Zero based"/>
    <property name="line.separator" value="&#10;"/>
    <property name="java.vm.specification.vendor" value="Oracle Corporation"/>
    <property name="java.specification.name" value="Java Platform API Specification"/>
    <property name="FILE_LOG_CHARSET" value="GBK"/>
    <property name="java.awt.headless" value="true"/>
    <property name="surefire.real.class.path" value="C:\Users\zzs\AppData\Local\Temp\surefire6490071685323453419\surefirebooter-20250107112646455_3.jar"/>
    <property name="user.script" value=""/>
    <property name="sun.management.compiler" value="HotSpot 64-Bit Tiered Compilers"/>
    <property name="java.runtime.version" value="17.0.13+10-LTS-268"/>
    <property name="user.name" value="zzs"/>
    <property name="path.separator" value=";"/>
    <property name="os.version" value="10.0"/>
    <property name="java.runtime.name" value="Java(TM) SE Runtime Environment"/>
    <property name="file.encoding" value="GBK"/>
    <property name="java.vm.name" value="Java HotSpot(TM) 64-Bit Server VM"/>
    <property name="localRepository" value="D:\maven\apache-maven-3.9.6-bin\apache-maven-3.9.6\mvn_repo"/>
    <property name="java.vendor.url.bug" value="https://bugreport.java.com/bugreport/"/>
    <property name="java.io.tmpdir" value="C:\Users\zzs\AppData\Local\Temp\"/>
    <property name="idea.version" value="2023.3.6"/>
    <property name="java.version" value="17.0.13"/>
    <property name="user.dir" value="D:\javalearn\javaweb\后端\webproject\my-project\web-management"/>
    <property name="os.arch" value="amd64"/>
    <property name="java.vm.specification.name" value="Java Virtual Machine Specification"/>
    <property name="PID" value="19900"/>
    <property name="sun.os.patch.level" value=""/>
    <property name="CONSOLE_LOG_CHARSET" value="GBK"/>
    <property name="native.encoding" value="GBK"/>
    <property name="java.library.path" value="C:\Program Files\Java\jdk-17\bin;C:\WINDOWS\Sun\Java\bin;C:\WINDOWS\system32;C:\WINDOWS;D:\Vmware\VmwareWorksation\bin\;C:\Program Files\java\jdk-17\bin;C:\Windows\system32;C:\Windows;C:\Windows\System32\Wbem;C:\Windows\System32\WindowsPowerShell\v1.0\;C:\Windows\System32\OpenSSH\;C:\Program Files (x86)\NVIDIA Corporation\PhysX\Common;C:\Program Files\NVIDIA Corporation\NVIDIA NvDLISR;C:\WINDOWS\system32;C:\WINDOWS;C:\WINDOWS\System32\Wbem;C:\WINDOWS\System32\WindowsPowerShell\v1.0\;C:\WINDOWS\System32\OpenSSH\;C:\Program Files\Common Files\Autodesk Shared\;C:\Program Files\TortoiseGit\bin;C:\Program Files\dotnet\;D:\web\mysql\mysql-8.0.31-winx64\bin;D:\git\Git\cmd;D:\openssl\OpenSSL-Win64\bin;D:\maven\apache-maven-3.9.6-bin\apache-maven-3.9.6\bin;D:\node.js\;C:\Program Files\Pandoc\;D:\python\Scripts\;D:\python\;C:\Users\zzs\AppData\Local\Programs\Python\Python312\Scripts\;C:\Users\zzs\AppData\Local\Programs\Python\Python312\;C:\Users\zzs\AppData\Local\Microsoft\WindowsApps;D:\vscode\Microsoft VS Code\bin;D:\maven\apache-maven-3.9.6-bin\apache-maven-3.9.6\bin;C:\Users\zzs\AppData\Roaming\npm;D:\web\dataGrip\DataGrip 2024.1.1\bin;;."/>
    <property name="java.vm.info" value="mixed mode, sharing"/>
    <property name="java.vendor" value="Oracle Corporation"/>
    <property name="java.vm.version" value="17.0.13+10-LTS-268"/>
    <property name="java.specification.maintenance.version" value="1"/>
    <property name="sun.io.unicode.encoding" value="UnicodeLittle"/>
    <property name="maven.repo.local" value="D:\maven\apache-maven-3.9.6-bin\apache-maven-3.9.6\mvn_repo"/>
    <property name="java.class.version" value="61.0"/>
    <property name="LOGGED_APPLICATION_NAME" value="[web-management] "/>
  </properties>
  <testcase name="contextLoads" classname="com.zzs.WebManagementApplicationTests" time="0.775">
    <system-out><![CDATA[11:26:47.146 [main] INFO org.springframework.test.context.support.AnnotationConfigContextLoaderUtils -- Could not detect default configuration classes for test class [com.zzs.WebManagementApplicationTests]: WebManagementApplicationTests does not declare any static, non-private, non-final, nested classes annotated with @Configuration.
11:26:47.235 [main] INFO org.springframework.boot.test.context.SpringBootTestContextBootstrapper -- Found @SpringBootConfiguration com.zzs.WebManagementApplication for test class com.zzs.WebManagementApplicationTests

  .   ____          _            __ _ _
 /\\ / ___'_ __ _ _(_)_ __  __ _ \ \ \ \
( ( )\___ | '_ | '_| | '_ \/ _` | \ \ \ \
 \\/  ___)| |_)| | | | | || (_| |  ) ) ) )
  '  |____| .__|_| |_|_| |_\__, | / / / /
 =========|_|==============|___/=/_/_/_/

 :: Spring Boot ::                (v3.4.1)

2025-01-07T11:26:47.656+08:00  INFO 19900 --- [web-management] [           main] com.zzs.WebManagementApplicationTests    : Starting WebManagementApplicationTests using Java 17.0.13 with PID 19900 (started by zzs in D:\javalearn\javaweb\后端\webproject\my-project\web-management)
2025-01-07T11:26:47.657+08:00  INFO 19900 --- [web-management] [           main] com.zzs.WebManagementApplicationTests    : No active profile set, falling back to 1 default profile: "default"
Logging initialized using 'class org.apache.ibatis.logging.stdout.StdOutImpl' adapter.
2025-01-07T11:26:49.369+08:00  INFO 19900 --- [web-management] [           main] com.zzs.WebManagementApplicationTests    : Started WebManagementApplicationTests in 2.002 seconds (process running for 2.813)
]]></system-out>
  </testcase>
</testsuite>